<?xml version="1.0" encoding="UTF-8"?>
<!-- Generated by org.testng.reporters.JUnitXMLReporter -->
<testsuite ignored="0" hostname="BTTWIN10-VM-175" failures="0" tests="2" name="Free CRM App Test Cases" time="14.465" errors="0" timestamp="03 Feb 2021 19:59:36 GMT">
  <testcase classname="com.crm.qa.testcases.HomePageTest" name="verifyHomePageTitleTest" time="0.014"/>
  <testcase classname="com.crm.qa.testcases.HomePageTest" name="verifyUserNameTest" time="0.886"/>
</testsuite> <!-- Free CRM App Test Cases -->
