<?xml version="1.0" encoding="UTF-8"?>
<testng-results ignored="0" total="11" passed="11" failed="0" skipped="0">
  <reporter-output>
  </reporter-output>
  <suite started-at="2021-02-06T14:01:41Z" name="FREE CRM Application Test Automation Test Suite" finished-at="2021-02-06T14:04:33Z" duration-ms="171897">
    <groups>
    </groups>
    <test started-at="2021-02-06T14:01:41Z" name="Free CRM App Test Cases" finished-at="2021-02-06T14:04:33Z" duration-ms="171897">
      <class name="com.crm.qa.testcases.HomePageTest">
        <test-method is-config="true" signature="setUp()[pri:0, instance:com.crm.qa.testcases.HomePageTest@15761df8]" started-at="2021-02-06T19:31:46Z" name="setUp" finished-at="2021-02-06T19:31:52Z" duration-ms="5565" status="PASS">
          <reporter-output>
          </reporter-output>
        </test-method> <!-- setUp -->
        <test-method signature="verifyHomePageTitleTest()[pri:1, instance:com.crm.qa.testcases.HomePageTest@15761df8]" started-at="2021-02-06T19:31:52Z" name="verifyHomePageTitleTest" finished-at="2021-02-06T19:31:52Z" duration-ms="7" status="PASS">
          <reporter-output>
          </reporter-output>
        </test-method> <!-- verifyHomePageTitleTest -->
        <test-method is-config="true" signature="tearDown()[pri:0, instance:com.crm.qa.testcases.HomePageTest@15761df8]" started-at="2021-02-06T19:31:52Z" name="tearDown" finished-at="2021-02-06T19:31:53Z" duration-ms="1012" status="PASS">
          <reporter-output>
          </reporter-output>
        </test-method> <!-- tearDown -->
        <test-method is-config="true" signature="setUp()[pri:0, instance:com.crm.qa.testcases.HomePageTest@15761df8]" started-at="2021-02-06T19:32:21Z" name="setUp" finished-at="2021-02-06T19:32:27Z" duration-ms="5918" status="PASS">
          <reporter-output>
          </reporter-output>
        </test-method> <!-- setUp -->
        <test-method signature="verifyUserNameTest()[pri:2, instance:com.crm.qa.testcases.HomePageTest@15761df8]" started-at="2021-02-06T19:32:27Z" name="verifyUserNameTest" finished-at="2021-02-06T19:32:28Z" duration-ms="1055" status="PASS">
          <reporter-output>
          </reporter-output>
        </test-method> <!-- verifyUserNameTest -->
        <test-method is-config="true" signature="tearDown()[pri:0, instance:com.crm.qa.testcases.HomePageTest@15761df8]" started-at="2021-02-06T19:32:28Z" name="tearDown" finished-at="2021-02-06T19:32:29Z" duration-ms="914" status="PASS">
          <reporter-output>
          </reporter-output>
        </test-method> <!-- tearDown -->
        <test-method is-config="true" signature="setUp()[pri:0, instance:com.crm.qa.testcases.HomePageTest@15761df8]" started-at="2021-02-06T19:32:51Z" name="setUp" finished-at="2021-02-06T19:32:57Z" duration-ms="5339" status="PASS">
          <reporter-output>
          </reporter-output>
        </test-method> <!-- setUp -->
        <test-method signature="verifyContactsLinkTest()[pri:3, instance:com.crm.qa.testcases.HomePageTest@15761df8]" started-at="2021-02-06T19:32:57Z" name="verifyContactsLinkTest" finished-at="2021-02-06T19:32:58Z" duration-ms="1215" status="PASS">
          <reporter-output>
          </reporter-output>
        </test-method> <!-- verifyContactsLinkTest -->
        <test-method is-config="true" signature="tearDown()[pri:0, instance:com.crm.qa.testcases.HomePageTest@15761df8]" started-at="2021-02-06T19:32:58Z" name="tearDown" finished-at="2021-02-06T19:32:59Z" duration-ms="972" status="PASS">
          <reporter-output>
          </reporter-output>
        </test-method> <!-- tearDown -->
      </class> <!-- com.crm.qa.testcases.HomePageTest -->
      <class name="com.crm.qa.testcases.ContactsPageTest">
        <test-method is-config="true" signature="setUp()[pri:0, instance:com.crm.qa.testcases.ContactsPageTest@6ab7a896]" started-at="2021-02-06T19:31:53Z" name="setUp" finished-at="2021-02-06T19:32:13Z" duration-ms="20911" status="PASS">
          <reporter-output>
          </reporter-output>
        </test-method> <!-- setUp -->
        <test-method signature="verifyContactsPageLabel()[pri:1, instance:com.crm.qa.testcases.ContactsPageTest@6ab7a896]" started-at="2021-02-06T19:32:13Z" name="verifyContactsPageLabel" finished-at="2021-02-06T19:32:14Z" duration-ms="87" status="PASS">
          <reporter-output>
          </reporter-output>
        </test-method> <!-- verifyContactsPageLabel -->
        <test-method is-config="true" signature="tearDown()[pri:0, instance:com.crm.qa.testcases.ContactsPageTest@6ab7a896]" started-at="2021-02-06T19:32:14Z" name="tearDown" finished-at="2021-02-06T19:32:15Z" duration-ms="1018" status="PASS">
          <reporter-output>
          </reporter-output>
        </test-method> <!-- tearDown -->
        <test-method is-config="true" signature="setUp()[pri:0, instance:com.crm.qa.testcases.ContactsPageTest@6ab7a896]" started-at="2021-02-06T19:32:29Z" name="setUp" finished-at="2021-02-06T19:32:50Z" duration-ms="21153" status="PASS">
          <reporter-output>
          </reporter-output>
        </test-method> <!-- setUp -->
        <test-method signature="selectSingleContactsTest()[pri:2, instance:com.crm.qa.testcases.ContactsPageTest@6ab7a896]" started-at="2021-02-06T19:32:50Z" name="selectSingleContactsTest" finished-at="2021-02-06T19:32:50Z" duration-ms="412" status="PASS">
          <reporter-output>
          </reporter-output>
        </test-method> <!-- selectSingleContactsTest -->
        <test-method is-config="true" signature="tearDown()[pri:0, instance:com.crm.qa.testcases.ContactsPageTest@6ab7a896]" started-at="2021-02-06T19:32:50Z" name="tearDown" finished-at="2021-02-06T19:32:51Z" duration-ms="921" status="PASS">
          <reporter-output>
          </reporter-output>
        </test-method> <!-- tearDown -->
        <test-method is-config="true" signature="setUp()[pri:0, instance:com.crm.qa.testcases.ContactsPageTest@6ab7a896]" started-at="2021-02-06T19:32:59Z" name="setUp" finished-at="2021-02-06T19:33:19Z" duration-ms="20328" status="PASS">
          <reporter-output>
          </reporter-output>
        </test-method> <!-- setUp -->
        <test-method signature="selectMultipleContactsTest()[pri:3, instance:com.crm.qa.testcases.ContactsPageTest@6ab7a896]" started-at="2021-02-06T19:33:19Z" name="selectMultipleContactsTest" finished-at="2021-02-06T19:33:20Z" duration-ms="529" status="PASS">
          <reporter-output>
          </reporter-output>
        </test-method> <!-- selectMultipleContactsTest -->
        <test-method is-config="true" signature="tearDown()[pri:0, instance:com.crm.qa.testcases.ContactsPageTest@6ab7a896]" started-at="2021-02-06T19:33:20Z" name="tearDown" finished-at="2021-02-06T19:33:21Z" duration-ms="1062" status="PASS">
          <reporter-output>
          </reporter-output>
        </test-method> <!-- tearDown -->
        <test-method is-config="true" signature="setUp()[pri:0, instance:com.crm.qa.testcases.ContactsPageTest@6ab7a896]" started-at="2021-02-06T19:33:21Z" name="setUp" finished-at="2021-02-06T19:33:43Z" duration-ms="21328" status="PASS">
          <reporter-output>
          </reporter-output>
        </test-method> <!-- setUp -->
        <test-method signature="validateCreateNewContact(java.lang.String, java.lang.String, java.lang.String)[pri:4, instance:com.crm.qa.testcases.ContactsPageTest@6ab7a896]" started-at="2021-02-06T19:33:43Z" name="validateCreateNewContact" data-provider="getCRMTestData" finished-at="2021-02-06T19:33:44Z" duration-ms="1811" status="PASS">
          <params>
            <param index="0">
              <value>
                <![CDATA[Tom]]>
              </value>
            </param>
            <param index="1">
              <value>
                <![CDATA[Peter]]>
              </value>
            </param>
            <param index="2">
              <value>
                <![CDATA[Google]]>
              </value>
            </param>
          </params>
          <reporter-output>
          </reporter-output>
        </test-method> <!-- validateCreateNewContact -->
        <test-method is-config="true" signature="tearDown()[pri:0, instance:com.crm.qa.testcases.ContactsPageTest@6ab7a896]" started-at="2021-02-06T19:33:44Z" name="tearDown" finished-at="2021-02-06T19:33:45Z" duration-ms="911" status="PASS">
          <reporter-output>
          </reporter-output>
        </test-method> <!-- tearDown -->
        <test-method is-config="true" signature="setUp()[pri:0, instance:com.crm.qa.testcases.ContactsPageTest@6ab7a896]" started-at="2021-02-06T19:33:45Z" name="setUp" finished-at="2021-02-06T19:34:06Z" duration-ms="20814" status="PASS">
          <reporter-output>
          </reporter-output>
        </test-method> <!-- setUp -->
        <test-method signature="validateCreateNewContact(java.lang.String, java.lang.String, java.lang.String)[pri:4, instance:com.crm.qa.testcases.ContactsPageTest@6ab7a896]" started-at="2021-02-06T19:34:06Z" name="validateCreateNewContact" data-provider="getCRMTestData" finished-at="2021-02-06T19:34:08Z" duration-ms="1929" status="PASS">
          <params>
            <param index="0">
              <value>
                <![CDATA[David]]>
              </value>
            </param>
            <param index="1">
              <value>
                <![CDATA[Cris]]>
              </value>
            </param>
            <param index="2">
              <value>
                <![CDATA[Amazon]]>
              </value>
            </param>
          </params>
          <reporter-output>
          </reporter-output>
        </test-method> <!-- validateCreateNewContact -->
        <test-method is-config="true" signature="tearDown()[pri:0, instance:com.crm.qa.testcases.ContactsPageTest@6ab7a896]" started-at="2021-02-06T19:34:08Z" name="tearDown" finished-at="2021-02-06T19:34:09Z" duration-ms="960" status="PASS">
          <reporter-output>
          </reporter-output>
        </test-method> <!-- tearDown -->
        <test-method is-config="true" signature="setUp()[pri:0, instance:com.crm.qa.testcases.ContactsPageTest@6ab7a896]" started-at="2021-02-06T19:34:09Z" name="setUp" finished-at="2021-02-06T19:34:30Z" duration-ms="20891" status="PASS">
          <reporter-output>
          </reporter-output>
        </test-method> <!-- setUp -->
        <test-method signature="validateCreateNewContact(java.lang.String, java.lang.String, java.lang.String)[pri:4, instance:com.crm.qa.testcases.ContactsPageTest@6ab7a896]" started-at="2021-02-06T19:34:30Z" name="validateCreateNewContact" data-provider="getCRMTestData" finished-at="2021-02-06T19:34:32Z" duration-ms="1932" status="PASS">
          <params>
            <param index="0">
              <value>
                <![CDATA[Mukta]]>
              </value>
            </param>
            <param index="1">
              <value>
                <![CDATA[Sharma]]>
              </value>
            </param>
            <param index="2">
              <value>
                <![CDATA[Ebay]]>
              </value>
            </param>
          </params>
          <reporter-output>
          </reporter-output>
        </test-method> <!-- validateCreateNewContact -->
        <test-method is-config="true" signature="tearDown()[pri:0, instance:com.crm.qa.testcases.ContactsPageTest@6ab7a896]" started-at="2021-02-06T19:34:32Z" name="tearDown" finished-at="2021-02-06T19:34:33Z" duration-ms="939" status="PASS">
          <reporter-output>
          </reporter-output>
        </test-method> <!-- tearDown -->
      </class> <!-- com.crm.qa.testcases.ContactsPageTest -->
      <class name="com.crm.qa.testcases.LoginPageTest">
        <test-method is-config="true" signature="setUp()[pri:0, instance:com.crm.qa.testcases.LoginPageTest@7c417213]" started-at="2021-02-06T19:31:41Z" name="setUp" finished-at="2021-02-06T19:31:45Z" duration-ms="4105" status="PASS">
          <reporter-output>
          </reporter-output>
        </test-method> <!-- setUp -->
        <test-method signature="loginPageTitleTest()[pri:1, instance:com.crm.qa.testcases.LoginPageTest@7c417213]" started-at="2021-02-06T19:31:45Z" name="loginPageTitleTest" finished-at="2021-02-06T19:31:45Z" duration-ms="14" status="PASS">
          <reporter-output>
          </reporter-output>
        </test-method> <!-- loginPageTitleTest -->
        <test-method is-config="true" signature="tearDown()[pri:0, instance:com.crm.qa.testcases.LoginPageTest@7c417213]" started-at="2021-02-06T19:31:45Z" name="tearDown" finished-at="2021-02-06T19:31:46Z" duration-ms="941" status="PASS">
          <reporter-output>
          </reporter-output>
        </test-method> <!-- tearDown -->
        <test-method is-config="true" signature="setUp()[pri:0, instance:com.crm.qa.testcases.LoginPageTest@7c417213]" started-at="2021-02-06T19:32:15Z" name="setUp" finished-at="2021-02-06T19:32:18Z" duration-ms="3180" status="PASS">
          <reporter-output>
          </reporter-output>
        </test-method> <!-- setUp -->
        <test-method signature="loginTest()[pri:2, instance:com.crm.qa.testcases.LoginPageTest@7c417213]" started-at="2021-02-06T19:32:18Z" name="loginTest" finished-at="2021-02-06T19:32:20Z" duration-ms="2196" status="PASS">
          <reporter-output>
          </reporter-output>
        </test-method> <!-- loginTest -->
        <test-method is-config="true" signature="tearDown()[pri:0, instance:com.crm.qa.testcases.LoginPageTest@7c417213]" started-at="2021-02-06T19:32:20Z" name="tearDown" finished-at="2021-02-06T19:32:21Z" duration-ms="897" status="PASS">
          <reporter-output>
          </reporter-output>
        </test-method> <!-- tearDown -->
      </class> <!-- com.crm.qa.testcases.LoginPageTest -->
    </test> <!-- Free CRM App Test Cases -->
  </suite> <!-- FREE CRM Application Test Automation Test Suite -->
</testng-results>
