<?xml version="1.0" encoding="UTF-8"?>
<testng-results ignored="0" total="11" passed="11" failed="0" skipped="0">
  <reporter-output>
  </reporter-output>
  <suite started-at="2021-02-04T19:06:48Z" name="FREE CRM Application Test Automation Test Suite" finished-at="2021-02-04T19:09:35Z" duration-ms="167605">
    <groups>
    </groups>
    <test started-at="2021-02-04T19:06:48Z" name="Free CRM App Test Cases" finished-at="2021-02-04T19:09:35Z" duration-ms="167605">
      <class name="com.crm.qa.testcases.HomePageTest">
        <test-method is-config="true" signature="setUp()[pri:0, instance:com.crm.qa.testcases.HomePageTest@69930714]" started-at="2021-02-05T00:36:53Z" name="setUp" finished-at="2021-02-05T00:36:58Z" duration-ms="5342" status="PASS">
          <reporter-output>
          </reporter-output>
        </test-method> <!-- setUp -->
        <test-method signature="verifyHomePageTitleTest()[pri:1, instance:com.crm.qa.testcases.HomePageTest@69930714]" started-at="2021-02-05T00:36:58Z" name="verifyHomePageTitleTest" finished-at="2021-02-05T00:36:58Z" duration-ms="8" status="PASS">
          <reporter-output>
          </reporter-output>
        </test-method> <!-- verifyHomePageTitleTest -->
        <test-method is-config="true" signature="tearDown()[pri:0, instance:com.crm.qa.testcases.HomePageTest@69930714]" started-at="2021-02-05T00:36:58Z" name="tearDown" finished-at="2021-02-05T00:36:59Z" duration-ms="907" status="PASS">
          <reporter-output>
          </reporter-output>
        </test-method> <!-- tearDown -->
        <test-method is-config="true" signature="setUp()[pri:0, instance:com.crm.qa.testcases.HomePageTest@69930714]" started-at="2021-02-05T00:37:27Z" name="setUp" finished-at="2021-02-05T00:37:32Z" duration-ms="4751" status="PASS">
          <reporter-output>
          </reporter-output>
        </test-method> <!-- setUp -->
        <test-method signature="verifyUserNameTest()[pri:2, instance:com.crm.qa.testcases.HomePageTest@69930714]" started-at="2021-02-05T00:37:32Z" name="verifyUserNameTest" finished-at="2021-02-05T00:37:33Z" duration-ms="908" status="PASS">
          <reporter-output>
          </reporter-output>
        </test-method> <!-- verifyUserNameTest -->
        <test-method is-config="true" signature="tearDown()[pri:0, instance:com.crm.qa.testcases.HomePageTest@69930714]" started-at="2021-02-05T00:37:33Z" name="tearDown" finished-at="2021-02-05T00:37:34Z" duration-ms="936" status="PASS">
          <reporter-output>
          </reporter-output>
        </test-method> <!-- tearDown -->
        <test-method is-config="true" signature="setUp()[pri:0, instance:com.crm.qa.testcases.HomePageTest@69930714]" started-at="2021-02-05T00:37:56Z" name="setUp" finished-at="2021-02-05T00:38:01Z" duration-ms="5126" status="PASS">
          <reporter-output>
          </reporter-output>
        </test-method> <!-- setUp -->
        <test-method signature="verifyContactsLinkTest()[pri:3, instance:com.crm.qa.testcases.HomePageTest@69930714]" started-at="2021-02-05T00:38:01Z" name="verifyContactsLinkTest" finished-at="2021-02-05T00:38:02Z" duration-ms="881" status="PASS">
          <reporter-output>
          </reporter-output>
        </test-method> <!-- verifyContactsLinkTest -->
        <test-method is-config="true" signature="tearDown()[pri:0, instance:com.crm.qa.testcases.HomePageTest@69930714]" started-at="2021-02-05T00:38:02Z" name="tearDown" finished-at="2021-02-05T00:38:03Z" duration-ms="881" status="PASS">
          <reporter-output>
          </reporter-output>
        </test-method> <!-- tearDown -->
      </class> <!-- com.crm.qa.testcases.HomePageTest -->
      <class name="com.crm.qa.testcases.ContactsPageTest">
        <test-method is-config="true" signature="setUp()[pri:0, instance:com.crm.qa.testcases.ContactsPageTest@7a52f2a2]" started-at="2021-02-05T00:36:59Z" name="setUp" finished-at="2021-02-05T00:37:20Z" duration-ms="21310" status="PASS">
          <reporter-output>
          </reporter-output>
        </test-method> <!-- setUp -->
        <test-method signature="verifyContactsPageLabel()[pri:1, instance:com.crm.qa.testcases.ContactsPageTest@7a52f2a2]" started-at="2021-02-05T00:37:20Z" name="verifyContactsPageLabel" finished-at="2021-02-05T00:37:21Z" duration-ms="63" status="PASS">
          <reporter-output>
          </reporter-output>
        </test-method> <!-- verifyContactsPageLabel -->
        <test-method is-config="true" signature="tearDown()[pri:0, instance:com.crm.qa.testcases.ContactsPageTest@7a52f2a2]" started-at="2021-02-05T00:37:21Z" name="tearDown" finished-at="2021-02-05T00:37:21Z" duration-ms="913" status="PASS">
          <reporter-output>
          </reporter-output>
        </test-method> <!-- tearDown -->
        <test-method is-config="true" signature="setUp()[pri:0, instance:com.crm.qa.testcases.ContactsPageTest@7a52f2a2]" started-at="2021-02-05T00:37:34Z" name="setUp" finished-at="2021-02-05T00:37:55Z" duration-ms="20673" status="PASS">
          <reporter-output>
          </reporter-output>
        </test-method> <!-- setUp -->
        <test-method signature="selectSingleContactsTest()[pri:2, instance:com.crm.qa.testcases.ContactsPageTest@7a52f2a2]" started-at="2021-02-05T00:37:55Z" name="selectSingleContactsTest" finished-at="2021-02-05T00:37:55Z" duration-ms="694" status="PASS">
          <reporter-output>
          </reporter-output>
        </test-method> <!-- selectSingleContactsTest -->
        <test-method is-config="true" signature="tearDown()[pri:0, instance:com.crm.qa.testcases.ContactsPageTest@7a52f2a2]" started-at="2021-02-05T00:37:55Z" name="tearDown" finished-at="2021-02-05T00:37:56Z" duration-ms="916" status="PASS">
          <reporter-output>
          </reporter-output>
        </test-method> <!-- tearDown -->
        <test-method is-config="true" signature="setUp()[pri:0, instance:com.crm.qa.testcases.ContactsPageTest@7a52f2a2]" started-at="2021-02-05T00:38:03Z" name="setUp" finished-at="2021-02-05T00:38:24Z" duration-ms="20697" status="PASS">
          <reporter-output>
          </reporter-output>
        </test-method> <!-- setUp -->
        <test-method signature="selectMultipleContactsTest()[pri:3, instance:com.crm.qa.testcases.ContactsPageTest@7a52f2a2]" started-at="2021-02-05T00:38:24Z" name="selectMultipleContactsTest" finished-at="2021-02-05T00:38:24Z" duration-ms="513" status="PASS">
          <reporter-output>
          </reporter-output>
        </test-method> <!-- selectMultipleContactsTest -->
        <test-method is-config="true" signature="tearDown()[pri:0, instance:com.crm.qa.testcases.ContactsPageTest@7a52f2a2]" started-at="2021-02-05T00:38:24Z" name="tearDown" finished-at="2021-02-05T00:38:25Z" duration-ms="884" status="PASS">
          <reporter-output>
          </reporter-output>
        </test-method> <!-- tearDown -->
        <test-method is-config="true" signature="setUp()[pri:0, instance:com.crm.qa.testcases.ContactsPageTest@7a52f2a2]" started-at="2021-02-05T00:38:26Z" name="setUp" finished-at="2021-02-05T00:38:47Z" duration-ms="21249" status="PASS">
          <reporter-output>
          </reporter-output>
        </test-method> <!-- setUp -->
        <test-method signature="validateCreateNewContact(java.lang.String, java.lang.String, java.lang.String)[pri:4, instance:com.crm.qa.testcases.ContactsPageTest@7a52f2a2]" started-at="2021-02-05T00:38:47Z" name="validateCreateNewContact" data-provider="getCRMTestData" finished-at="2021-02-05T00:38:49Z" duration-ms="1556" status="PASS">
          <params>
            <param index="0">
              <value>
                <![CDATA[Tom]]>
              </value>
            </param>
            <param index="1">
              <value>
                <![CDATA[Peter]]>
              </value>
            </param>
            <param index="2">
              <value>
                <![CDATA[Google]]>
              </value>
            </param>
          </params>
          <reporter-output>
          </reporter-output>
        </test-method> <!-- validateCreateNewContact -->
        <test-method is-config="true" signature="tearDown()[pri:0, instance:com.crm.qa.testcases.ContactsPageTest@7a52f2a2]" started-at="2021-02-05T00:38:49Z" name="tearDown" finished-at="2021-02-05T00:38:49Z" duration-ms="904" status="PASS">
          <reporter-output>
          </reporter-output>
        </test-method> <!-- tearDown -->
        <test-method is-config="true" signature="setUp()[pri:0, instance:com.crm.qa.testcases.ContactsPageTest@7a52f2a2]" started-at="2021-02-05T00:38:49Z" name="setUp" finished-at="2021-02-05T00:39:10Z" duration-ms="20187" status="PASS">
          <reporter-output>
          </reporter-output>
        </test-method> <!-- setUp -->
        <test-method signature="validateCreateNewContact(java.lang.String, java.lang.String, java.lang.String)[pri:4, instance:com.crm.qa.testcases.ContactsPageTest@7a52f2a2]" started-at="2021-02-05T00:39:10Z" name="validateCreateNewContact" data-provider="getCRMTestData" finished-at="2021-02-05T00:39:11Z" duration-ms="1688" status="PASS">
          <params>
            <param index="0">
              <value>
                <![CDATA[David]]>
              </value>
            </param>
            <param index="1">
              <value>
                <![CDATA[Cris]]>
              </value>
            </param>
            <param index="2">
              <value>
                <![CDATA[Amazon]]>
              </value>
            </param>
          </params>
          <reporter-output>
          </reporter-output>
        </test-method> <!-- validateCreateNewContact -->
        <test-method is-config="true" signature="tearDown()[pri:0, instance:com.crm.qa.testcases.ContactsPageTest@7a52f2a2]" started-at="2021-02-05T00:39:11Z" name="tearDown" finished-at="2021-02-05T00:39:12Z" duration-ms="923" status="PASS">
          <reporter-output>
          </reporter-output>
        </test-method> <!-- tearDown -->
        <test-method is-config="true" signature="setUp()[pri:0, instance:com.crm.qa.testcases.ContactsPageTest@7a52f2a2]" started-at="2021-02-05T00:39:12Z" name="setUp" finished-at="2021-02-05T00:39:33Z" duration-ms="20284" status="PASS">
          <reporter-output>
          </reporter-output>
        </test-method> <!-- setUp -->
        <test-method signature="validateCreateNewContact(java.lang.String, java.lang.String, java.lang.String)[pri:4, instance:com.crm.qa.testcases.ContactsPageTest@7a52f2a2]" started-at="2021-02-05T00:39:33Z" name="validateCreateNewContact" data-provider="getCRMTestData" finished-at="2021-02-05T00:39:34Z" duration-ms="1838" status="PASS">
          <params>
            <param index="0">
              <value>
                <![CDATA[Mukta]]>
              </value>
            </param>
            <param index="1">
              <value>
                <![CDATA[Sharma]]>
              </value>
            </param>
            <param index="2">
              <value>
                <![CDATA[Ebay]]>
              </value>
            </param>
          </params>
          <reporter-output>
          </reporter-output>
        </test-method> <!-- validateCreateNewContact -->
        <test-method is-config="true" signature="tearDown()[pri:0, instance:com.crm.qa.testcases.ContactsPageTest@7a52f2a2]" started-at="2021-02-05T00:39:34Z" name="tearDown" finished-at="2021-02-05T00:39:35Z" duration-ms="916" status="PASS">
          <reporter-output>
          </reporter-output>
        </test-method> <!-- tearDown -->
      </class> <!-- com.crm.qa.testcases.ContactsPageTest -->
      <class name="com.crm.qa.testcases.LoginPageTest">
        <test-method is-config="true" signature="setUp()[pri:0, instance:com.crm.qa.testcases.LoginPageTest@11dc3715]" started-at="2021-02-05T00:36:48Z" name="setUp" finished-at="2021-02-05T00:36:52Z" duration-ms="4145" status="PASS">
          <reporter-output>
          </reporter-output>
        </test-method> <!-- setUp -->
        <test-method signature="loginPageTitleTest()[pri:1, instance:com.crm.qa.testcases.LoginPageTest@11dc3715]" started-at="2021-02-05T00:36:52Z" name="loginPageTitleTest" finished-at="2021-02-05T00:36:52Z" duration-ms="31" status="PASS">
          <reporter-output>
          </reporter-output>
        </test-method> <!-- loginPageTitleTest -->
        <test-method is-config="true" signature="tearDown()[pri:0, instance:com.crm.qa.testcases.LoginPageTest@11dc3715]" started-at="2021-02-05T00:36:52Z" name="tearDown" finished-at="2021-02-05T00:36:53Z" duration-ms="985" status="PASS">
          <reporter-output>
          </reporter-output>
        </test-method> <!-- tearDown -->
        <test-method is-config="true" signature="setUp()[pri:0, instance:com.crm.qa.testcases.LoginPageTest@11dc3715]" started-at="2021-02-05T00:37:21Z" name="setUp" finished-at="2021-02-05T00:37:24Z" duration-ms="2838" status="PASS">
          <reporter-output>
          </reporter-output>
        </test-method> <!-- setUp -->
        <test-method signature="loginTest()[pri:2, instance:com.crm.qa.testcases.LoginPageTest@11dc3715]" started-at="2021-02-05T00:37:24Z" name="loginTest" finished-at="2021-02-05T00:37:26Z" duration-ms="2207" status="PASS">
          <reporter-output>
          </reporter-output>
        </test-method> <!-- loginTest -->
        <test-method is-config="true" signature="tearDown()[pri:0, instance:com.crm.qa.testcases.LoginPageTest@11dc3715]" started-at="2021-02-05T00:37:26Z" name="tearDown" finished-at="2021-02-05T00:37:27Z" duration-ms="892" status="PASS">
          <reporter-output>
          </reporter-output>
        </test-method> <!-- tearDown -->
      </class> <!-- com.crm.qa.testcases.LoginPageTest -->
    </test> <!-- Free CRM App Test Cases -->
  </suite> <!-- FREE CRM Application Test Automation Test Suite -->
</testng-results>
